<?xml version="1.0" encoding="UTF-8"?>
<!-- Generated by org.testng.reporters.JUnitXMLReporter -->
<testsuite ignored="0" hostname="DESKTOP-17RC72H" failures="0" tests="3" name="Default test" time="71.357" errors="0" timestamp="2021-08-24T13:12:02 IST">
  <testcase classname="extentreport.Report_generation" name="CreateTest" time="0.015"/>
  <testcase classname="extentreport.Report_generation" name="StatusReport" time="0.02"/>
  <testcase classname="extentreport.Report_generation" name="Test" time="69.685"/>
</testsuite> <!-- Default test -->
