<?xml version="1.0" encoding="UTF-8"?>
<!-- Generated by org.testng.reporters.JUnitXMLReporter -->
<testsuite ignored="0" hostname="DESKTOP-17RC72H" failures="0" tests="3" name="TestCases" time="0.11" errors="0" timestamp="2021-08-28T12:49:53 IST">
  <testcase classname="hcltraining.TestNGgroups" name="sample1" time="0.011"/>
  <testcase classname="hcltraining.TestNGgroups" name="sample2" time="0.002"/>
  <testcase classname="hcltraining.TestNGgroups" name="sample3" time="0.002"/>
</testsuite> <!-- TestCases -->
