<?xml version="1.0" encoding="UTF-8"?>
<testng-results ignored="0" total="3" passed="3" failed="0" skipped="0">
  <reporter-output>
  </reporter-output>
  <suite started-at="2021-08-28T12:49:53 IST" name="Suite" finished-at="2021-08-28T12:49:53 IST" duration-ms="110">
    <groups>
      <group name="Smoke test">
        <method signature="TestNGgroups.sample3()[pri:0, instance:hcltraining.TestNGgroups@10feca44]" name="sample3" class="hcltraining.TestNGgroups"/>
      </group> <!-- Smoke test -->
      <group name="smoke test">
        <method signature="TestNGgroups.sample1()[pri:0, instance:hcltraining.TestNGgroups@10feca44]" name="sample1" class="hcltraining.TestNGgroups"/>
      </group> <!-- smoke test -->
      <group name="Functional test">
        <method signature="TestNGgroups.sample2()[pri:0, instance:hcltraining.TestNGgroups@10feca44]" name="sample2" class="hcltraining.TestNGgroups"/>
      </group> <!-- Functional test -->
      <group name="functional test">
        <method signature="TestNGgroups.sample1()[pri:0, instance:hcltraining.TestNGgroups@10feca44]" name="sample1" class="hcltraining.TestNGgroups"/>
      </group> <!-- functional test -->
    </groups>
    <test started-at="2021-08-28T12:49:53 IST" name="TestCases" finished-at="2021-08-28T12:49:53 IST" duration-ms="110">
      <class name="hcltraining.TestNGgroups">
        <test-method is-config="true" signature="before_suite1()[pri:0, instance:hcltraining.TestNGgroups@10feca44]" started-at="2021-08-28T12:49:53 IST" name="before_suite1" finished-at="2021-08-28T12:49:53 IST" duration-ms="19" status="PASS">
          <reporter-output>
          </reporter-output>
        </test-method> <!-- before_suite1 -->
        <test-method is-config="true" signature="before_test1()[pri:0, instance:hcltraining.TestNGgroups@10feca44]" started-at="2021-08-28T12:49:53 IST" name="before_test1" finished-at="2021-08-28T12:49:53 IST" duration-ms="2" status="PASS">
          <reporter-output>
          </reporter-output>
        </test-method> <!-- before_test1 -->
        <test-method is-config="true" signature="beforeclass()[pri:0, instance:hcltraining.TestNGgroups@10feca44]" started-at="2021-08-28T12:49:53 IST" name="beforeclass" finished-at="2021-08-28T12:49:53 IST" duration-ms="0" status="PASS">
          <reporter-output>
          </reporter-output>
        </test-method> <!-- beforeclass -->
        <test-method is-config="true" signature="before_method1()[pri:0, instance:hcltraining.TestNGgroups@10feca44]" started-at="2021-08-28T12:49:53 IST" name="before_method1" finished-at="2021-08-28T12:49:53 IST" duration-ms="1" status="PASS">
          <reporter-output>
          </reporter-output>
        </test-method> <!-- before_method1 -->
        <test-method signature="sample1()[pri:0, instance:hcltraining.TestNGgroups@10feca44]" started-at="2021-08-28T12:49:53 IST" name="sample1" finished-at="2021-08-28T12:49:53 IST" duration-ms="11" status="PASS">
          <reporter-output>
          </reporter-output>
        </test-method> <!-- sample1 -->
        <test-method is-config="true" signature="after_method1()[pri:0, instance:hcltraining.TestNGgroups@10feca44]" started-at="2021-08-28T12:49:53 IST" name="after_method1" finished-at="2021-08-28T12:49:53 IST" duration-ms="4" status="PASS">
          <reporter-output>
          </reporter-output>
        </test-method> <!-- after_method1 -->
        <test-method signature="sample2()[pri:0, instance:hcltraining.TestNGgroups@10feca44]" started-at="2021-08-28T12:49:53 IST" name="sample2" finished-at="2021-08-28T12:49:53 IST" duration-ms="2" status="PASS">
          <reporter-output>
          </reporter-output>
        </test-method> <!-- sample2 -->
        <test-method is-config="true" signature="before_method1()[pri:0, instance:hcltraining.TestNGgroups@10feca44]" started-at="2021-08-28T12:49:53 IST" name="before_method1" finished-at="2021-08-28T12:49:53 IST" duration-ms="0" status="PASS">
          <reporter-output>
          </reporter-output>
        </test-method> <!-- before_method1 -->
        <test-method is-config="true" signature="before_method1()[pri:0, instance:hcltraining.TestNGgroups@10feca44]" started-at="2021-08-28T12:49:53 IST" name="before_method1" finished-at="2021-08-28T12:49:53 IST" duration-ms="1" status="PASS">
          <reporter-output>
          </reporter-output>
        </test-method> <!-- before_method1 -->
        <test-method is-config="true" signature="after_method1()[pri:0, instance:hcltraining.TestNGgroups@10feca44]" started-at="2021-08-28T12:49:53 IST" name="after_method1" finished-at="2021-08-28T12:49:53 IST" duration-ms="0" status="PASS">
          <reporter-output>
          </reporter-output>
        </test-method> <!-- after_method1 -->
        <test-method signature="sample3()[pri:0, instance:hcltraining.TestNGgroups@10feca44]" started-at="2021-08-28T12:49:53 IST" name="sample3" finished-at="2021-08-28T12:49:53 IST" duration-ms="2" status="PASS">
          <reporter-output>
          </reporter-output>
        </test-method> <!-- sample3 -->
        <test-method is-config="true" signature="after_method1()[pri:0, instance:hcltraining.TestNGgroups@10feca44]" started-at="2021-08-28T12:49:53 IST" name="after_method1" finished-at="2021-08-28T12:49:53 IST" duration-ms="1" status="PASS">
          <reporter-output>
          </reporter-output>
        </test-method> <!-- after_method1 -->
        <test-method is-config="true" signature="AfterClass()[pri:0, instance:hcltraining.TestNGgroups@10feca44]" started-at="2021-08-28T12:49:53 IST" name="AfterClass" finished-at="2021-08-28T12:49:53 IST" duration-ms="0" status="PASS">
          <reporter-output>
          </reporter-output>
        </test-method> <!-- AfterClass -->
        <test-method is-config="true" signature="after_test1()[pri:0, instance:hcltraining.TestNGgroups@10feca44]" started-at="2021-08-28T12:49:53 IST" name="after_test1" finished-at="2021-08-28T12:49:53 IST" duration-ms="0" status="PASS">
          <reporter-output>
          </reporter-output>
        </test-method> <!-- after_test1 -->
        <test-method is-config="true" signature="after_suite1()[pri:0, instance:hcltraining.TestNGgroups@10feca44]" started-at="2021-08-28T12:49:53 IST" name="after_suite1" finished-at="2021-08-28T12:49:53 IST" duration-ms="1" status="PASS">
          <reporter-output>
          </reporter-output>
        </test-method> <!-- after_suite1 -->
      </class> <!-- hcltraining.TestNGgroups -->
    </test> <!-- TestCases -->
  </suite> <!-- Suite -->
</testng-results>
